AUTOCREATE
2015-09-09T14:02:07+02:00 : 0|admin|login|index|[]
2015-09-09T14:02:28+02:00 : 0|admin|login|login|{"username":"admin"}
2015-09-09T14:02:28+02:00 : 2|admin|index|index|[]
2015-09-09T14:02:28+02:00 : 2|admin|misc|json-translations-admin|{"language":"en"}
2015-09-09T14:02:28+02:00 : 2|admin|user|get-current-user|[]
2015-09-09T14:02:28+02:00 : 2|admin|misc|json-translations-system|{"language":"en"}
2015-09-09T14:02:28+02:00 : 2|admin|user|get-image|[]
2015-09-09T14:02:28+02:00 : 2|admin|misc|available-languages|[]
2015-09-09T14:02:29+02:00 : 2|admin|misc|admin-css|[]
2015-09-09T14:02:36+02:00 : 2|admin|document|doc-types|{"xaction":"read"}
2015-09-09T14:02:36+02:00 : 2|admin|class|get-tree|[]
2015-09-09T14:02:36+02:00 : 2|reports|targeting|persona-list|[]
2015-09-09T14:02:36+02:00 : 2|admin|settings|get-available-admin-languages|[]
2015-09-09T14:02:36+02:00 : 2|admin|asset|tree-get-root|{"id":"1"}
2015-09-09T14:02:36+02:00 : 2|admin|settings|get-available-sites|[]
2015-09-09T14:02:36+02:00 : 2|admin|object|tree-get-root|{"id":"1"}
2015-09-09T14:02:36+02:00 : 2|admin|portal|dashboard-list|[]
2015-09-09T14:02:36+02:00 : 2|admin|document|tree-get-root|{"id":"1"}
2015-09-09T14:02:36+02:00 : 2|admin|asset|tree-get-childs-by-id|{"limit":"50","start":"0","node":"1"}
2015-09-09T14:02:36+02:00 : 2|admin|document|tree-get-childs-by-id|{"limit":"50","start":"0","node":"1"}
2015-09-09T14:02:36+02:00 : 2|admin|object|tree-get-childs-by-id|{"limit":"30","start":"0","node":"1"}
2015-09-09T14:02:36+02:00 : 2|reports|custom-report|get-report-config|[]
2015-09-09T14:03:40+02:00 : 2|admin|misc|ping|[]
2015-09-09T14:04:41+02:00 : 2|admin|misc|ping|[]
2015-09-09T14:05:42+02:00 : 2|admin|misc|ping|[]
2015-09-09T14:06:43+02:00 : 2|admin|misc|ping|[]
2015-09-09T14:07:44+02:00 : 2|admin|misc|ping|[]
2015-09-09T14:08:45+02:00 : 2|admin|misc|ping|[]
2015-09-09T14:09:50+02:00 : 2|admin|misc|ping|[]
2015-09-09T14:11:01+02:00 : 2|admin|misc|ping|[]
2015-09-09T14:12:02+02:00 : 2|admin|misc|ping|[]
2015-09-09T14:13:03+02:00 : 2|admin|misc|ping|[]
2015-09-09T14:14:04+02:00 : 2|admin|misc|ping|[]
2015-09-09T14:15:05+02:00 : 2|admin|misc|ping|[]
2015-09-09T14:16:06+02:00 : 2|admin|misc|ping|[]
2015-09-09T14:17:07+02:00 : 2|admin|misc|ping|[]
2015-09-09T14:18:08+02:00 : 2|admin|misc|ping|[]
2015-09-09T14:19:15+02:00 : 2|admin|misc|ping|[]
2015-09-09T14:20:16+02:00 : 2|admin|misc|ping|[]
2015-09-09T14:21:17+02:00 : 2|admin|misc|ping|[]
2015-09-09T14:22:21+02:00 : 2|admin|misc|ping|[]
2015-09-09T14:22:51+02:00 : 2|extensionmanager|admin|get-extensions|[]
2015-09-09T14:23:09+02:00 : 2|extensionmanager|admin|get-extensions|[]
2015-09-09T14:23:22+02:00 : 2|admin|misc|ping|[]
2015-09-09T14:24:23+02:00 : 2|admin|misc|ping|[]
2015-09-09T14:25:24+02:00 : 2|admin|misc|ping|[]
2015-09-09T14:26:27+02:00 : 2|admin|misc|ping|[]
2015-09-09T14:27:27+02:00 : 2|admin|misc|ping|[]
2015-09-09T14:28:34+02:00 : 2|admin|misc|ping|[]
2015-09-09T14:29:35+02:00 : 2|admin|misc|ping|[]
2015-09-09T14:30:36+02:00 : 2|admin|misc|ping|[]
2015-09-09T14:31:37+02:00 : 2|admin|misc|ping|[]
2015-09-09T14:32:41+02:00 : 2|admin|misc|ping|[]
2015-09-09T14:33:42+02:00 : 2|admin|misc|ping|[]
2015-09-09T14:34:43+02:00 : 2|admin|misc|ping|[]
2015-09-09T14:35:44+02:00 : 2|admin|misc|ping|[]
2015-09-09T14:36:46+02:00 : 2|admin|misc|ping|[]
2015-09-09T14:37:48+02:00 : 2|admin|misc|ping|[]
2015-09-09T14:38:50+02:00 : 2|admin|misc|ping|[]
2015-09-09T14:39:50+02:00 : 2|admin|misc|ping|[]
2015-09-09T14:40:51+02:00 : 2|admin|misc|ping|[]
2015-09-09T14:41:52+02:00 : 2|admin|misc|ping|[]
2015-09-09T14:42:53+02:00 : 2|admin|misc|ping|[]
2015-09-09T14:43:19+02:00 : 2|admin|settings|get-system|[]
2015-09-09T14:43:38+02:00 : 2|admin|settings|set-system|{"data":"{\"general.timezone\":\"Europe\\\/Berlin\",\"ge..."}
2015-09-09T14:43:52+02:00 : 2|admin|settings|set-system|{"data":"{\"general.timezone\":\"Europe\\\/Berlin\",\"ge..."}
2015-09-09T14:43:53+02:00 : 2|admin|misc|ping|[]
2015-09-09T14:44:55+02:00 : 2|admin|misc|ping|[]
2015-09-09T14:45:28+02:00 : 2|admin|index|index|[]
2015-09-09T14:45:28+02:00 : 2|admin|misc|json-translations-admin|{"language":"en"}
2015-09-09T14:45:28+02:00 : 2|admin|user|get-current-user|[]
2015-09-09T14:45:28+02:00 : 2|admin|misc|json-translations-system|{"language":"en"}
2015-09-09T14:45:28+02:00 : 2|admin|misc|available-languages|[]
2015-09-09T14:45:28+02:00 : 2|admin|user|get-image|[]
2015-09-09T14:45:28+02:00 : 2|admin|misc|admin-css|[]
2015-09-09T14:45:30+02:00 : 2|reports|targeting|persona-list|[]
2015-09-09T14:45:30+02:00 : 2|admin|class|get-tree|[]
2015-09-09T14:45:30+02:00 : 2|admin|settings|get-available-admin-languages|[]
2015-09-09T14:45:30+02:00 : 2|admin|document|doc-types|{"xaction":"read"}
2015-09-09T14:45:30+02:00 : 2|admin|settings|get-available-sites|[]
2015-09-09T14:45:30+02:00 : 2|admin|document|tree-get-root|{"id":"1"}
2015-09-09T14:45:30+02:00 : 2|admin|portal|dashboard-list|[]
2015-09-09T14:45:30+02:00 : 2|admin|asset|tree-get-root|{"id":"1"}
2015-09-09T14:45:30+02:00 : 2|admin|object|tree-get-root|{"id":"1"}
2015-09-09T14:45:30+02:00 : 2|admin|document|tree-get-childs-by-id|{"limit":"50","start":"0","node":"1"}
2015-09-09T14:45:30+02:00 : 2|admin|asset|tree-get-childs-by-id|{"limit":"50","start":"0","node":"1"}
2015-09-09T14:45:30+02:00 : 2|reports|custom-report|get-report-config|[]
2015-09-09T14:45:30+02:00 : 2|admin|object|tree-get-childs-by-id|{"limit":"30","start":"0","node":"1"}
2015-09-09T14:45:34+02:00 : 2|admin|settings|website-settings|{"limit":"20","filter":"null","xaction":"read"}
2015-09-09T14:45:38+02:00 : 2|admin|settings|get-system|[]
2015-09-09T14:46:29+02:00 : 2|admin|misc|ping|[]
2015-09-09T14:46:53+02:00 : 2|extensionmanager|admin|get-extensions|[]
2015-09-09T14:47:29+02:00 : 2|admin|misc|ping|[]
2015-09-09T14:48:30+02:00 : 2|admin|misc|ping|[]
2015-09-09T14:49:30+02:00 : 2|admin|misc|ping|[]
2015-09-09T14:50:30+02:00 : 2|admin|misc|ping|[]
2015-09-09T14:50:51+02:00 : 2|update|index|check-file-permissions|[]
2015-09-09T14:50:57+02:00 : 2|update|index|get-available-updates|[]
2015-09-09T14:51:30+02:00 : 2|admin|misc|ping|[]
2015-09-09T14:52:31+02:00 : 2|admin|misc|ping|[]
2015-09-09T14:53:31+02:00 : 2|admin|misc|ping|[]
2015-09-09T14:54:32+02:00 : 2|admin|misc|ping|[]
2015-09-09T14:55:32+02:00 : 2|admin|misc|ping|[]
2015-09-09T14:56:33+02:00 : 2|admin|misc|ping|[]
2015-09-09T14:57:34+02:00 : 2|admin|misc|ping|[]
2015-09-09T14:58:35+02:00 : 2|admin|misc|ping|[]
2015-09-09T14:59:36+02:00 : 2|admin|misc|ping|[]
2015-09-09T15:00:37+02:00 : 2|admin|misc|ping|[]
2015-09-09T15:01:38+02:00 : 2|admin|misc|ping|[]
2015-09-09T15:02:39+02:00 : 2|admin|misc|ping|[]
2015-09-09T15:03:40+02:00 : 2|admin|misc|ping|[]
2015-09-09T15:04:41+02:00 : 2|admin|misc|ping|[]
2015-09-09T15:05:42+02:00 : 2|admin|misc|ping|[]
2015-09-09T15:06:43+02:00 : 2|admin|misc|ping|[]
2015-09-09T15:07:44+02:00 : 2|admin|misc|ping|[]
2015-09-09T15:08:45+02:00 : 2|admin|misc|ping|[]
2015-09-09T15:09:46+02:00 : 2|admin|misc|ping|[]
2015-09-09T15:10:47+02:00 : 2|admin|misc|ping|[]
2015-09-09T15:11:48+02:00 : 2|admin|misc|ping|[]
2015-09-09T15:12:49+02:00 : 2|admin|misc|ping|[]
2015-09-09T15:13:49+02:00 : 2|admin|settings|get-available-languages|[]
2015-09-09T15:13:49+02:00 : 2|admin|settings|glossary|{"limit":"20","filter":"null","xaction":"read"}
2015-09-09T15:13:49+02:00 : 2|admin|misc|ping|[]
2015-09-09T15:14:50+02:00 : 2|admin|misc|ping|[]
2015-09-09T15:15:51+02:00 : 2|admin|misc|ping|[]
2015-09-09T15:16:52+02:00 : 2|admin|misc|ping|[]
2015-09-09T15:17:05+02:00 : 2|extensionmanager|admin|get-extensions|[]
2015-09-09T15:17:53+02:00 : 2|admin|misc|ping|[]
2015-09-09T15:18:54+02:00 : 2|admin|misc|ping|[]
2015-09-09T15:19:55+02:00 : 2|admin|misc|ping|[]
2015-09-09T15:20:55+02:00 : 2|admin|misc|ping|[]
2015-09-09T15:21:54+02:00 : 2|extensionmanager|admin|create|{"name":"Deployment"}
2015-09-09T15:21:55+02:00 : 2|extensionmanager|admin|get-extensions|[]
2015-09-09T15:21:55+02:00 : 2|admin|misc|ping|[]
2015-09-09T15:22:07+02:00 : 2|extensionmanager|admin|toggle-extension-state|{"method":"enable","id":"Deployment","type":"plugin"}
2015-09-09T15:22:08+02:00 : 2|admin|index|index|[]
2015-09-09T15:22:09+02:00 : 2|admin|user|get-current-user|[]
2015-09-09T15:22:09+02:00 : 2|admin|misc|json-translations-admin|{"language":"en"}
2015-09-09T15:22:09+02:00 : 2|admin|user|get-image|[]
2015-09-09T15:22:09+02:00 : 2|admin|misc|json-translations-system|{"language":"en"}
2015-09-09T15:22:09+02:00 : 2|admin|misc|available-languages|[]
2015-09-09T15:22:09+02:00 : 2|admin|misc|admin-css|[]
2015-09-09T15:22:10+02:00 : 2|admin|settings|get-available-sites|[]
2015-09-09T15:22:10+02:00 : 2|admin|settings|get-available-admin-languages|[]
2015-09-09T15:22:10+02:00 : 2|admin|class|get-tree|[]
2015-09-09T15:22:10+02:00 : 2|reports|targeting|persona-list|[]
2015-09-09T15:22:10+02:00 : 2|admin|document|tree-get-root|{"id":"1"}
2015-09-09T15:22:10+02:00 : 2|admin|document|doc-types|{"xaction":"read"}
2015-09-09T15:22:10+02:00 : 2|admin|asset|tree-get-root|{"id":"1"}
2015-09-09T15:22:10+02:00 : 2|admin|portal|dashboard-list|[]
2015-09-09T15:22:10+02:00 : 2|admin|object|tree-get-root|{"id":"1"}
2015-09-09T15:22:10+02:00 : 2|admin|document|tree-get-childs-by-id|{"limit":"50","start":"0","node":"1"}
2015-09-09T15:22:11+02:00 : 2|admin|asset|tree-get-childs-by-id|{"limit":"50","start":"0","node":"1"}
2015-09-09T15:22:11+02:00 : 2|reports|custom-report|get-report-config|[]
2015-09-09T15:22:11+02:00 : 2|admin|object|tree-get-childs-by-id|{"limit":"30","start":"0","node":"1"}
2015-09-09T15:22:14+02:00 : 2|extensionmanager|admin|get-extensions|[]
2015-09-09T15:23:09+02:00 : 2|admin|misc|ping|[]
2015-09-09T15:24:10+02:00 : 2|admin|misc|ping|[]
2015-09-09T15:25:11+02:00 : 2|admin|misc|ping|[]
2015-09-09T15:26:12+02:00 : 2|admin|misc|ping|[]
2015-09-09T15:27:13+02:00 : 2|admin|misc|ping|[]
2015-09-09T15:28:14+02:00 : 2|admin|misc|ping|[]
2015-09-09T15:29:15+02:00 : 2|admin|misc|ping|[]
2015-09-09T15:30:16+02:00 : 2|admin|misc|ping|[]
2015-09-09T15:31:17+02:00 : 2|admin|misc|ping|[]
2015-09-09T15:32:18+02:00 : 2|admin|misc|ping|[]
2015-09-09T15:33:19+02:00 : 2|admin|misc|ping|[]
2015-09-09T15:34:20+02:00 : 2|admin|misc|ping|[]
2015-09-09T15:35:21+02:00 : 2|admin|misc|ping|[]
2015-09-09T15:36:22+02:00 : 2|admin|misc|ping|[]
2015-09-09T15:37:23+02:00 : 2|admin|misc|ping|[]
2015-09-09T15:38:24+02:00 : 2|admin|misc|ping|[]
2015-09-09T16:09:39+02:00 : 2|admin|index|index|[]
2015-09-09T16:09:40+02:00 : 2|admin|user|get-image|[]
2015-09-09T16:09:40+02:00 : 2|admin|misc|json-translations-system|{"language":"en"}
2015-09-09T16:09:40+02:00 : 2|admin|misc|available-languages|[]
2015-09-09T16:09:40+02:00 : 2|admin|misc|json-translations-admin|{"language":"en"}
2015-09-09T16:09:40+02:00 : 2|admin|user|get-current-user|[]
2015-09-09T16:09:40+02:00 : 2|admin|misc|admin-css|[]
2015-09-09T16:09:41+02:00 : 2|reports|targeting|persona-list|[]
2015-09-09T16:09:41+02:00 : 2|admin|document|doc-types|{"xaction":"read"}
2015-09-09T16:09:41+02:00 : 2|admin|class|get-tree|[]
2015-09-09T16:09:41+02:00 : 2|admin|settings|get-available-admin-languages|[]
2015-09-09T16:09:42+02:00 : 2|admin|settings|get-available-sites|[]
2015-09-09T16:09:42+02:00 : 2|admin|document|tree-get-root|{"id":"1"}
2015-09-09T16:09:42+02:00 : 2|admin|portal|dashboard-list|[]
2015-09-09T16:09:42+02:00 : 2|admin|asset|tree-get-root|{"id":"1"}
2015-09-09T16:09:42+02:00 : 2|admin|object|tree-get-root|{"id":"1"}
2015-09-09T16:09:42+02:00 : 2|admin|document|tree-get-childs-by-id|{"limit":"50","start":"0","node":"1"}
2015-09-09T16:09:42+02:00 : 2|admin|asset|tree-get-childs-by-id|{"limit":"50","start":"0","node":"1"}
2015-09-09T16:09:42+02:00 : 2|reports|custom-report|get-report-config|[]
2015-09-09T16:09:42+02:00 : 2|admin|object|tree-get-childs-by-id|{"limit":"30","start":"0","node":"1"}
2015-09-09T16:09:52+02:00 : 2|admin|class|get-tree|{"grouped":"1","node":"0"}
2015-09-09T16:10:41+02:00 : 2|admin|misc|ping|[]
2015-09-09T16:11:42+02:00 : 2|admin|misc|ping|[]
2015-09-09T16:12:43+02:00 : 2|admin|misc|ping|[]
2015-09-09T16:13:44+02:00 : 2|admin|misc|ping|[]
2015-09-09T16:14:45+02:00 : 2|admin|misc|ping|[]
2015-09-09T16:15:46+02:00 : 2|admin|misc|ping|[]
2015-09-09T16:16:47+02:00 : 2|admin|misc|ping|[]
2015-09-09T16:17:48+02:00 : 2|admin|misc|ping|[]
2015-09-09T16:18:49+02:00 : 2|admin|misc|ping|[]
2015-09-09T16:19:50+02:00 : 2|admin|misc|ping|[]
2015-09-09T16:20:51+02:00 : 2|admin|misc|ping|[]
2015-09-09T16:21:52+02:00 : 2|admin|misc|ping|[]
2015-09-09T16:22:53+02:00 : 2|admin|misc|ping|[]
2015-09-09T16:23:55+02:00 : 2|admin|misc|ping|[]
2015-09-09T16:24:56+02:00 : 2|admin|misc|ping|[]
2015-09-09T16:25:57+02:00 : 2|admin|misc|ping|[]
2015-09-09T16:26:58+02:00 : 2|admin|misc|ping|[]
2015-09-09T16:27:59+02:00 : 2|admin|misc|ping|[]
2015-09-09T16:29:00+02:00 : 2|admin|misc|ping|[]
2015-09-09T16:30:01+02:00 : 2|admin|misc|ping|[]
2015-09-09T16:31:05+02:00 : 2|admin|misc|ping|[]
2015-09-09T16:32:08+02:00 : 2|admin|misc|ping|[]
2015-09-09T16:33:09+02:00 : 2|admin|misc|ping|[]
2015-09-09T16:34:11+02:00 : 2|admin|misc|ping|[]
2015-09-09T16:35:11+02:00 : 2|admin|misc|ping|[]
2015-09-09T16:36:12+02:00 : 2|admin|misc|ping|[]
2015-09-09T16:37:13+02:00 : 2|admin|misc|ping|[]
2015-09-09T16:38:14+02:00 : 2|admin|misc|ping|[]
